<pool type='dir'>
  <name>test-pool</name>
  <target>
	  <path>/tmp/test-pool/</path>
  </target>
</pool>

