<network>
  <name>test-net1</name>
</network>

