<volume>
  <name>test-vol.qcow2</name>
  <capacity>1</capacity>
</volume>

