<network>
  <name>test-net</name>
</network>

