<volume>
  <name>test-vm2.qcow2</name>
  <capacity>1</capacity>
  <target>
    <format type='qcow2'/>
  </target>
</volume>

